{"contracts\\Funding.sol":{"l":{"18":21,"19":19,"23":3,"24":2,"28":2,"29":1,"33":3,"34":2,"40":19,"41":19,"45":26,"49":5,"53":19,"54":19,"58":2,"62":1,"63":1,"64":1,"65":1},"path":"E:/Repos/SoftUni/Blockchain Dev Course/Homework Assignments/19. Truffle and Ganache/03. TestContractWithTruffle/contracts/Funding.sol","s":{"1":21,"2":3,"3":2,"4":3,"5":19,"6":19,"7":26,"8":5,"9":19,"10":19,"11":1,"12":1,"13":1},"b":{"1":[19,2],"2":[2,1],"3":[1,1],"4":[2,1],"5":[1,0]},"f":{"1":21,"2":3,"3":2,"4":3,"5":0,"6":19,"7":26,"8":5,"9":19,"10":2,"11":1},"fnMap":{"1":{"name":"onlyNotFinished","line":17,"loc":{"start":{"line":17,"column":4},"end":{"line":17,"column":28}}},"2":{"name":"onlyFinished","line":22,"loc":{"start":{"line":22,"column":4},"end":{"line":22,"column":25}}},"3":{"name":"onlyNotFunded","line":27,"loc":{"start":{"line":27,"column":4},"end":{"line":27,"column":26}}},"4":{"name":"onlyFunded","line":32,"loc":{"start":{"line":32,"column":4},"end":{"line":32,"column":23}}},"5":{"name":null,"line":37,"loc":{"start":{"line":37,"column":4},"end":{"line":37,"column":28}}},"6":{"name":null,"line":39,"loc":{"start":{"line":39,"column":4},"end":{"line":39,"column":48}}},"7":{"name":"isFinished","line":44,"loc":{"start":{"line":44,"column":4},"end":{"line":44,"column":50}}},"8":{"name":"isFunded","line":48,"loc":{"start":{"line":48,"column":4},"end":{"line":48,"column":48}}},"9":{"name":"donate","line":52,"loc":{"start":{"line":52,"column":4},"end":{"line":52,"column":50}}},"10":{"name":"withdraw","line":57,"loc":{"start":{"line":57,"column":4},"end":{"line":57,"column":49}}},"11":{"name":"refund","line":61,"loc":{"start":{"line":61,"column":4},"end":{"line":61,"column":53}}}},"statementMap":{"1":{"start":{"line":18,"column":8},"end":{"line":18,"column":29}},"2":{"start":{"line":23,"column":8},"end":{"line":23,"column":28}},"3":{"start":{"line":28,"column":8},"end":{"line":28,"column":27}},"4":{"start":{"line":33,"column":8},"end":{"line":33,"column":26}},"5":{"start":{"line":40,"column":8},"end":{"line":40,"column":35}},"6":{"start":{"line":41,"column":8},"end":{"line":41,"column":19}},"7":{"start":{"line":45,"column":8},"end":{"line":45,"column":32}},"8":{"start":{"line":49,"column":8},"end":{"line":49,"column":29}},"9":{"start":{"line":53,"column":8},"end":{"line":53,"column":65}},"10":{"start":{"line":54,"column":8},"end":{"line":54,"column":37}},"11":{"start":{"line":62,"column":8},"end":{"line":62,"column":41}},"12":{"start":{"line":63,"column":8},"end":{"line":63,"column":26}},"13":{"start":{"line":64,"column":8},"end":{"line":64,"column":31}}},"branchMap":{"1":{"line":18,"type":"if","locations":[{"start":{"line":18,"column":8},"end":{"line":18,"column":8}},{"start":{"line":18,"column":8},"end":{"line":18,"column":8}}]},"2":{"line":23,"type":"if","locations":[{"start":{"line":23,"column":8},"end":{"line":23,"column":8}},{"start":{"line":23,"column":8},"end":{"line":23,"column":8}}]},"3":{"line":28,"type":"if","locations":[{"start":{"line":28,"column":8},"end":{"line":28,"column":8}},{"start":{"line":28,"column":8},"end":{"line":28,"column":8}}]},"4":{"line":33,"type":"if","locations":[{"start":{"line":33,"column":8},"end":{"line":33,"column":8}},{"start":{"line":33,"column":8},"end":{"line":33,"column":8}}]},"5":{"line":63,"type":"if","locations":[{"start":{"line":63,"column":8},"end":{"line":63,"column":8}},{"start":{"line":63,"column":8},"end":{"line":63,"column":8}}]}}}}